This is pdfTeX, Version 3.141592653-2.6-1.40.28 (MiKTeX 25.12) (preloaded format=pdflatex 2026.5.28)  15 JUL 2026 10:49
entering extended mode
 restricted \write18 enabled.
 file:line:error style messages enabled.
 %&-line parsing enabled.
**"c:/Users/ESTIVEN MARTINEZ/Desktop/odoo-estiven/docs/informe.tex"
(c:/Users/ESTIVEN MARTINEZ/Desktop/odoo-estiven/docs/informe.tex
LaTeX2e <2025-11-01>
L3 programming layer <2025-12-24>
(C:\Users\ESTIVEN MARTINEZ\AppData\Local\Programs\MiKTeX\tex/latex/base\article.cls
Document Class: article 2025/01/22 v1.4n Standard LaTeX document class
(C:\Users\ESTIVEN MARTINEZ\AppData\Local\Programs\MiKTeX\tex/latex/base\size12.clo
File: size12.clo 2025/01/22 v1.4n Standard LaTeX file (size option)
)
\c@part=\count275
\c@section=\count276
\c@subsection=\count277
\c@subsubsection=\count278
\c@paragraph=\count279
\c@subparagraph=\count280
\c@figure=\count281
\c@table=\count282
\abovecaptionskip=\skip49
\belowcaptionskip=\skip50
\bibindent=\dimen148
) (C:\Users\ESTIVEN MARTINEZ\AppData\Local\Programs\MiKTeX\tex/latex/base\inputenc.sty
Package: inputenc 2024/02/08 v1.3d Input encoding file
\inpenc@prehook=\toks17
\inpenc@posthook=\toks18
) (C:\Users\ESTIVEN MARTINEZ\AppData\Local\Programs\MiKTeX\tex/generic/babel\babel.sty
Package: babel 2025/12/11 v25.17 The multilingual framework for LuaLaTeX, pdfLaTeX and XeLaTeX
\babel@savecnt=\count283
LaTeX Encoding Info:    Redeclaring text command \ij (encoding OT1) on input line 2068.
LaTeX Encoding Info:    Redeclaring text command \IJ (encoding OT1) on input line 2070.
LaTeX Encoding Info:    Redeclaring text command \ij (encoding T1) on input line 2072.
LaTeX Encoding Info:    Redeclaring text command \IJ (encoding T1) on input line 2073.
LaTeX Encoding Info:    Ignoring declaration for text command \ij (encoding ?) on input line 2074.
LaTeX Encoding Info:    Ignoring declaration for text command \IJ (encoding ?) on input line 2076.
LaTeX Encoding Info:    Ignoring declaration for text command \SS (encoding ?) on input line 2101.
\U@D=\dimen149
\l@unhyphenated=\language79
 (C:\Users\ESTIVEN MARTINEZ\AppData\Local\Programs\MiKTeX\tex/generic/babel\txtbabel.def)
\bbl@readstream=\read2
\bbl@dirlevel=\count284
Package babel Info: Configuration files are deprecated, as
(babel)             they can break document portability.
(babel)             Reported on input line 4196.

*************************************
* Local config file bblopts.cfg used
*
(C:\Users\ESTIVEN MARTINEZ\AppData\Local\Programs\MiKTeX\tex/latex/arabi\bblopts.cfg
File: bblopts.cfg 2005/09/08 v0.1 add Arabic and Farsi to "declared" options of babel
) (C:\Users\ESTIVEN MARTINEZ\AppData\Local\Programs\MiKTeX\tex/generic/babel/locale/es\babel-spanish.tex)
Package babel Info: Importing font and identification data for spanish
(babel)             from babel-es.ini. Reported on input line 4320.
 (C:\Users\ESTIVEN MARTINEZ\AppData\Local\Programs\MiKTeX\tex/latex/babel-spanish\spanish.ldf
Language: spanish.ldf 2021/05/27 v5.0q Spanish support from the babel system
\es@quottoks=\toks19
\es@quotdepth=\count285
Package babel Info: Making " an active character on input line 570.
Package babel Info: Making . an active character on input line 675.
Package babel Info: Making < an active character on input line 722.
Package babel Info: Making > an active character on input line 722.
))
LaTeX Encoding Info:    Redeclaring text command \guillemotleft (encoding OT1) on input line 4.
LaTeX Encoding Info:    Redeclaring text command \guillemotright (encoding OT1) on input line 4.
 (C:\Users\ESTIVEN MARTINEZ\AppData\Local\Programs\MiKTeX\tex/latex/graphics\graphicx.sty
Package: graphicx 2024/12/31 v1.2e Enhanced LaTeX Graphics (DPC,SPQR)
 (C:\Users\ESTIVEN MARTINEZ\AppData\Local\Programs\MiKTeX\tex/latex/graphics\keyval.sty
Package: keyval 2022/05/29 v1.15 key=value parser (DPC)
\KV@toks@=\toks20
) (C:\Users\ESTIVEN MARTINEZ\AppData\Local\Programs\MiKTeX\tex/latex/graphics\graphics.sty
Package: graphics 2024/08/06 v1.4g Standard LaTeX Graphics (DPC,SPQR)
 (C:\Users\ESTIVEN MARTINEZ\AppData\Local\Programs\MiKTeX\tex/latex/graphics\trig.sty
Package: trig 2023/12/02 v1.11 sin cos tan (DPC)
) (C:\Users\ESTIVEN MARTINEZ\AppData\Local\Programs\MiKTeX\tex/latex/graphics-cfg\graphics.cfg
File: graphics.cfg 2016/06/04 v1.11 sample graphics configuration
)
Package graphics Info: Driver file: pdftex.def on input line 106.
 (C:\Users\ESTIVEN MARTINEZ\AppData\Local\Programs\MiKTeX\tex/latex/graphics-def\pdftex.def
File: pdftex.def 2025/09/29 v1.2d Graphics/color driver for pdftex
))
\Gin@req@height=\dimen150
\Gin@req@width=\dimen151
) (C:\Users\ESTIVEN MARTINEZ\AppData\Local\Programs\MiKTeX\tex/latex/geometry\geometry.sty
Package: geometry 2026/03/07 v6.0 Page Geometry
 (C:\Users\ESTIVEN MARTINEZ\AppData\Local\Programs\MiKTeX\tex/generic/iftex\ifvtex.sty
Package: ifvtex 2019/10/25 v1.7 ifvtex legacy package. Use iftex instead.
 (C:\Users\ESTIVEN MARTINEZ\AppData\Local\Programs\MiKTeX\tex/generic/iftex\iftex.sty
Package: iftex 2024/12/12 v1.0g TeX engine tests
))
\Gm@cnth=\count286
\Gm@cntv=\count287
\c@Gm@tempcnt=\count288
\Gm@bindingoffset=\dimen152
\Gm@wd@mp=\dimen153
\Gm@odd@mp=\dimen154
\Gm@even@mp=\dimen155
\Gm@layoutwidth=\dimen156
\Gm@layoutheight=\dimen157
\Gm@layouthoffset=\dimen158
\Gm@layoutvoffset=\dimen159
\Gm@dimlist=\toks21
 (C:\Users\ESTIVEN MARTINEZ\AppData\Local\Programs\MiKTeX\tex/latex/geometry\geometry.cfg)) (C:\Users\ESTIVEN MARTINEZ\AppData\Local\Programs\MiKTeX\tex/latex/tools\longtable.sty
Package: longtable 2025-10-13 v4.24 Multi-page Table package (DPC)
\LTleft=\skip51
\LTright=\skip52
\LTpre=\skip53
\LTpost=\skip54
\LTchunksize=\count289
\LTcapwidth=\dimen160
\LT@head=\box53
\LT@firsthead=\box54
\LT@foot=\box55
\LT@lastfoot=\box56
\LT@gbox=\box57
\LT@cols=\count290
\LT@rows=\count291
\c@LT@tables=\count292
\c@LT@chunks=\count293
\LT@p@ftn=\toks22
) (C:\Users\ESTIVEN MARTINEZ\AppData\Local\Programs\MiKTeX\tex/latex/tools\array.sty
Package: array 2025/09/25 v2.6n Tabular extension package (FMi)
\col@sep=\dimen161
\ar@mcellbox=\box58
\extrarowheight=\dimen162
\NC@list=\toks23
\extratabsurround=\skip55
\backup@length=\skip56
\ar@cellbox=\box59
) (C:\Users\ESTIVEN MARTINEZ\AppData\Local\Programs\MiKTeX\tex/latex/booktabs\booktabs.sty
Package: booktabs 2020/01/12 v1.61803398 Publication quality tables
\heavyrulewidth=\dimen163
\lightrulewidth=\dimen164
\cmidrulewidth=\dimen165
\belowrulesep=\dimen166
\belowbottomsep=\dimen167
\aboverulesep=\dimen168
\abovetopsep=\dimen169
\cmidrulesep=\dimen170
\cmidrulekern=\dimen171
\defaultaddspace=\dimen172
\@cmidla=\count294
\@cmidlb=\count295
\@aboverulesep=\dimen173
\@belowrulesep=\dimen174
\@thisruleclass=\count296
\@lastruleclass=\count297
\@thisrulewidth=\dimen175
) (C:\Users\ESTIVEN MARTINEZ\AppData\Local\Programs\MiKTeX\tex/latex/float\float.sty
Package: float 2001/11/08 v1.3d Float enhancements (AL)
\c@float@type=\count298
\float@exts=\toks24
\float@box=\box60
\@float@everytoks=\toks25
\@floatcapt=\box61
) (C:\Users\ESTIVEN MARTINEZ\AppData\Local\Programs\MiKTeX\tex/latex/caption\caption.sty
Package: caption 2023/08/05 v3.6o Customizing captions (AR)
 (C:\Users\ESTIVEN MARTINEZ\AppData\Local\Programs\MiKTeX\tex/latex/caption\caption3.sty
Package: caption3 2023/07/31 v2.4d caption3 kernel (AR)
\caption@tempdima=\dimen176
\captionmargin=\dimen177
\caption@leftmargin=\dimen178
\caption@rightmargin=\dimen179
\caption@width=\dimen180
\caption@indent=\dimen181
\caption@parindent=\dimen182
\caption@hangindent=\dimen183
Package caption Info: Standard document class detected.
)
\c@caption@flags=\count299
\c@continuedfloat=\count300
Package caption Info: float package is loaded.
Package caption Info: longtable package is loaded.
 (C:\Users\ESTIVEN MARTINEZ\AppData\Local\Programs\MiKTeX\tex/latex/caption\ltcaption.sty
Package: ltcaption 2021/01/08 v1.4c longtable captions (AR)
)) (C:\Users\ESTIVEN MARTINEZ\AppData\Local\Programs\MiKTeX\tex/latex/hyperref\hyperref.sty
Package: hyperref 2025-07-12 v7.01o Hypertext links for LaTeX
 (C:\Users\ESTIVEN MARTINEZ\AppData\Local\Programs\MiKTeX\tex/latex/kvsetkeys\kvsetkeys.sty
Package: kvsetkeys 2022-10-05 v1.19 Key value parser (HO)
) (C:\Users\ESTIVEN MARTINEZ\AppData\Local\Programs\MiKTeX\tex/generic/kvdefinekeys\kvdefinekeys.sty
Package: kvdefinekeys 2019-12-19 v1.6 Define keys (HO)
) (C:\Users\ESTIVEN MARTINEZ\AppData\Local\Programs\MiKTeX\tex/generic/pdfescape\pdfescape.sty
Package: pdfescape 2019/12/09 v1.15 Implements pdfTeX's escape features (HO)
 (C:\Users\ESTIVEN MARTINEZ\AppData\Local\Programs\MiKTeX\tex/generic/ltxcmds\ltxcmds.sty
Package: ltxcmds 2023-12-04 v1.26 LaTeX kernel commands for general use (HO)
) (C:\Users\ESTIVEN MARTINEZ\AppData\Local\Programs\MiKTeX\tex/generic/pdftexcmds\pdftexcmds.sty
Package: pdftexcmds 2020-06-27 v0.33 Utility functions of pdfTeX for LuaTeX (HO)
 (C:\Users\ESTIVEN MARTINEZ\AppData\Local\Programs\MiKTeX\tex/generic/infwarerr\infwarerr.sty
Package: infwarerr 2019/12/03 v1.5 Providing info/warning/error messages (HO)
)
Package pdftexcmds Info: \pdf@primitive is available.
Package pdftexcmds Info: \pdf@ifprimitive is available.
Package pdftexcmds Info: \pdfdraftmode found.
)) (C:\Users\ESTIVEN MARTINEZ\AppData\Local\Programs\MiKTeX\tex/latex/hycolor\hycolor.sty
Package: hycolor 2020-01-27 v1.10 Color options for hyperref/bookmark (HO)
) (C:\Users\ESTIVEN MARTINEZ\AppData\Local\Programs\MiKTeX\tex/latex/hyperref\nameref.sty
Package: nameref 2025-06-21 v2.57 Cross-referencing by name of section
 (C:\Users\ESTIVEN MARTINEZ\AppData\Local\Programs\MiKTeX\tex/latex/refcount\refcount.sty
Package: refcount 2019/12/15 v3.6 Data extraction from label references (HO)
) (C:\Users\ESTIVEN MARTINEZ\AppData\Local\Programs\MiKTeX\tex/generic/gettitlestring\gettitlestring.sty
Package: gettitlestring 2019/12/15 v1.6 Cleanup title references (HO)
 (C:\Users\ESTIVEN MARTINEZ\AppData\Local\Programs\MiKTeX\tex/latex/kvoptions\kvoptions.sty
Package: kvoptions 2022-06-15 v3.15 Key value format for package options (HO)
))
\c@section@level=\count301
) (C:\Users\ESTIVEN MARTINEZ\AppData\Local\Programs\MiKTeX\tex/latex/etoolbox\etoolbox.sty
Package: etoolbox 2025/10/02 v2.5m e-TeX tools for LaTeX (JAW)
\etb@tempcnta=\count302
) (C:\Users\ESTIVEN MARTINEZ\AppData\Local\Programs\MiKTeX\tex/generic/stringenc\stringenc.sty
Package: stringenc 2019/11/29 v1.12 Convert strings between diff. encodings (HO)
)
\@linkdim=\dimen184
\Hy@linkcounter=\count303
\Hy@pagecounter=\count304
 (C:\Users\ESTIVEN MARTINEZ\AppData\Local\Programs\MiKTeX\tex/latex/hyperref\pd1enc.def
File: pd1enc.def 2025-07-12 v7.01o Hyperref: PDFDocEncoding definition (HO)
Now handling font encoding PD1 ...
... no UTF-8 mapping file for font encoding PD1
) (C:\Users\ESTIVEN MARTINEZ\AppData\Local\Programs\MiKTeX\tex/generic/intcalc\intcalc.sty
Package: intcalc 2019/12/15 v1.3 Expandable calculations with integers (HO)
)
\Hy@SavedSpaceFactor=\count305
 (C:\Users\ESTIVEN MARTINEZ\AppData\Local\Programs\MiKTeX\tex/latex/hyperref\puenc.def
File: puenc.def 2025-07-12 v7.01o Hyperref: PDF Unicode definition (HO)
Now handling font encoding PU ...
... no UTF-8 mapping file for font encoding PU
)
Package hyperref Info: Hyper figures OFF on input line 4195.
Package hyperref Info: Link nesting OFF on input line 4200.
Package hyperref Info: Hyper index ON on input line 4203.
Package hyperref Info: Plain pages OFF on input line 4210.
Package hyperref Info: Backreferencing OFF on input line 4215.
Package hyperref Info: Implicit mode ON; LaTeX internals redefined.
Package hyperref Info: Bookmarks ON on input line 4462.
\c@Hy@tempcnt=\count306
 (C:\Users\ESTIVEN MARTINEZ\AppData\Local\Programs\MiKTeX\tex/latex/url\url.sty
\Urlmuskip=\muskip17
Package: url 2013/09/16  ver 3.4  Verb mode for urls, etc.
)
LaTeX Info: Redefining \url on input line 4801.
\XeTeXLinkMargin=\dimen185
 (C:\Users\ESTIVEN MARTINEZ\AppData\Local\Programs\MiKTeX\tex/generic/bitset\bitset.sty
Package: bitset 2019/12/09 v1.3 Handle bit-vector datatype (HO)
 (C:\Users\ESTIVEN MARTINEZ\AppData\Local\Programs\MiKTeX\tex/generic/bigintcalc\bigintcalc.sty
Package: bigintcalc 2019/12/15 v1.5 Expandable calculations on big integers (HO)
))
\Fld@menulength=\count307
\Field@Width=\dimen186
\Fld@charsize=\dimen187
Package hyperref Info: Hyper figures OFF on input line 6078.
Package hyperref Info: Link nesting OFF on input line 6083.
Package hyperref Info: Hyper index ON on input line 6086.
Package hyperref Info: backreferencing OFF on input line 6093.
Package hyperref Info: Link coloring OFF on input line 6098.
Package hyperref Info: Link coloring with OCG OFF on input line 6103.
Package hyperref Info: PDF/A mode OFF on input line 6108.
\Hy@abspage=\count308
\c@Item=\count309
\c@Hfootnote=\count310
)
Package hyperref Info: Driver (autodetected): hpdftex.
 (C:\Users\ESTIVEN MARTINEZ\AppData\Local\Programs\MiKTeX\tex/latex/hyperref\hpdftex.def
File: hpdftex.def 2025-07-12 v7.01o Hyperref driver for pdfTeX
\Fld@listcount=\count311
\c@bookmark@seq@number=\count312
 (C:\Users\ESTIVEN MARTINEZ\AppData\Local\Programs\MiKTeX\tex/latex/rerunfilecheck\rerunfilecheck.sty
Package: rerunfilecheck 2025-06-21 v1.11 Rerun checks for auxiliary files (HO)
 (C:\Users\ESTIVEN MARTINEZ\AppData\Local\Programs\MiKTeX\tex/generic/uniquecounter\uniquecounter.sty
Package: uniquecounter 2019/12/15 v1.4 Provide unlimited unique counter (HO)
)
Package uniquecounter Info: New unique counter `rerunfilecheck' on input line 284.
)
\Hy@SectionHShift=\skip57
)
Package hyperref Info: Option `colorlinks' set `true' on input line 16.
 (C:\Users\ESTIVEN MARTINEZ\AppData\Local\Programs\MiKTeX\tex/latex/l3backend\l3backend-pdftex.def
File: l3backend-pdftex.def 2025-10-09 L3 backend support: PDF output (pdfTeX)
\l__color_backend_stack_int=\count313
) (informe.aux
LaTeX Info: Redefining \. on input line 11.
LaTeX Info: Redefining \% on input line 11.
Package babel Info: 'spanish' activates 'spanish' shorthands.
(babel)             Reported on input line 11.
)
\openout1 = `informe.aux'.

LaTeX Font Info:    Checking defaults for OML/cmm/m/it on input line 20.
LaTeX Font Info:    ... okay on input line 20.
LaTeX Font Info:    Checking defaults for OMS/cmsy/m/n on input line 20.
LaTeX Font Info:    ... okay on input line 20.
LaTeX Font Info:    Checking defaults for OT1/cmr/m/n on input line 20.
LaTeX Font Info:    ... okay on input line 20.
LaTeX Font Info:    Checking defaults for T1/cmr/m/n on input line 20.
LaTeX Font Info:    ... okay on input line 20.
LaTeX Font Info:    Checking defaults for TS1/cmr/m/n on input line 20.
LaTeX Font Info:    ... okay on input line 20.
LaTeX Font Info:    Checking defaults for OMX/cmex/m/n on input line 20.
LaTeX Font Info:    ... okay on input line 20.
LaTeX Font Info:    Checking defaults for U/cmr/m/n on input line 20.
LaTeX Font Info:    ... okay on input line 20.
LaTeX Font Info:    Checking defaults for PD1/pdf/m/n on input line 20.
LaTeX Font Info:    ... okay on input line 20.
LaTeX Font Info:    Checking defaults for PU/pdf/m/n on input line 20.
LaTeX Font Info:    ... okay on input line 20.
LaTeX Info: Redefining \. on input line 20.
LaTeX Info: Redefining \% on input line 20.
 (C:\Users\ESTIVEN MARTINEZ\AppData\Local\Programs\MiKTeX\tex/context/base/mkii\supp-pdf.mkii
[Loading MPS to PDF converter (version 2006.09.02).]
\scratchcounter=\count314
\scratchdimen=\dimen188
\scratchbox=\box62
\nofMPsegments=\count315
\nofMParguments=\count316
\everyMPshowfont=\toks26
\MPscratchCnt=\count317
\MPscratchDim=\dimen189
\MPnumerator=\count318
\makeMPintoPDFobject=\count319
\everyMPtoPDFconversion=\toks27
) (C:\Users\ESTIVEN MARTINEZ\AppData\Local\Programs\MiKTeX\tex/latex/epstopdf-pkg\epstopdf-base.sty
Package: epstopdf-base 2020-01-24 v2.11 Base part for package epstopdf
Package epstopdf-base Info: Redefining graphics rule for `.eps' on input line 485.
 (C:\Users\ESTIVEN MARTINEZ\AppData\Local\Programs\MiKTeX\tex/latex/00miktex\epstopdf-sys.cfg
File: epstopdf-sys.cfg 2021/03/18 v2.0 Configuration of epstopdf for MiKTeX
))
*geometry* driver: auto-detecting
*geometry* detected driver: pdftex
*geometry* verbose mode - [ preamble ] result:
* driver: pdftex
* paper: letterpaper
* layout: <same size as paper>
* layoutoffset:(h,v)=(0.0pt,0.0pt)
* modes: 
* h-part:(L,W,R)=(85.35826pt, 443.57848pt, 85.35826pt)
* v-part:(T,H,B)=(71.13188pt, 652.70622pt, 71.13188pt)
* \paperwidth=614.295pt
* \paperheight=794.96999pt
* \textwidth=443.57848pt
* \textheight=652.70622pt
* \oddsidemargin=13.08827pt
* \evensidemargin=13.08827pt
* \topmargin=-38.1381pt
* \headheight=12.0pt
* \headsep=25.0pt
* \topskip=12.0pt
* \footskip=30.0pt
* \marginparwidth=44.0pt
* \marginparsep=10.0pt
* \columnsep=10.0pt
* \skip\footins=10.8pt plus 4.0pt minus 2.0pt
* \hoffset=0.0pt
* \voffset=0.0pt
* \mag=1000
* \@twocolumnfalse
* \@twosidefalse
* \@mparswitchfalse
* \@reversemarginfalse
* (1in=72.27pt=25.4mm, 1cm=28.453pt)

Package caption Info: Begin \AtBeginDocument code.
Package caption Info: hyperref package is loaded.
Package caption Info: End \AtBeginDocument code.
(C:\Users\ESTIVEN MARTINEZ\AppData\Local\Programs\MiKTeX\tex/latex/graphics\color.sty
Package: color 2025/01/14 v1.3e Standard LaTeX Color (DPC)
 (C:\Users\ESTIVEN MARTINEZ\AppData\Local\Programs\MiKTeX\tex/latex/graphics-cfg\color.cfg
File: color.cfg 2016/01/02 v1.6 sample color configuration
)
Package color Info: Driver file: pdftex.def on input line 149.
 (C:\Users\ESTIVEN MARTINEZ\AppData\Local\Programs\MiKTeX\tex/latex/graphics\mathcolor.ltx))
Package hyperref Info: Link coloring ON on input line 20.
 (informe.out) (informe.out)
\@outlinefile=\write3
\openout3 = `informe.out'.

 [1

{C:/Users/ESTIVEN MARTINEZ/AppData/Local/MiKTeX/fonts/map/pdftex/pdftex.map}] (informe.toc
LaTeX Info: Redefining \. on input line 1.
LaTeX Info: Redefining \% on input line 1.
LaTeX Font Info:    External font `cmex10' loaded for size
(Font)              <12> on input line 4.
LaTeX Font Info:    External font `cmex10' loaded for size
(Font)              <8> on input line 4.
LaTeX Font Info:    External font `cmex10' loaded for size
(Font)              <6> on input line 4.
)
\tf@toc=\write4
\openout4 = `informe.toc'.


pdfTeX warning (ext4): destination with the same identifier (name{page.1}) has been already used, duplicate ignored
<to be read again> 
                   \relax 
l.58 \newpage
              [1] [2]
Overfull \hbox (11.80684pt too wide) in paragraph at lines 121--121
[]|\OT1/cmr/bx/n/12 Herramienta| 
 []


Underfull \hbox (badness 10000) in paragraph at lines 121--121
[]|\OT1/cmr/bx/n/12 Resultado
 []


Overfull \hbox (346.61569pt too wide) in alignment at lines 119--123
 [] [] [] [] [] [] [] [] [] [] 
 []


Overfull \hbox (11.80684pt too wide) in paragraph at lines 125--125
[]|\OT1/cmr/bx/n/12 Herramienta| 
 []


Underfull \hbox (badness 10000) in paragraph at lines 125--125
[]|\OT1/cmr/bx/n/12 Resultado
 []


Overfull \hbox (346.61569pt too wide) in alignment at lines 123--127
 [] [] [] [] [] [] [] [] [] [] 
 []


Overfull \hbox (346.61569pt too wide) in alignment at lines 127--130
 [] [] [] [] [] [] [] [] [] [] 
 []


Overfull \hbox (346.61569pt too wide) in alignment at lines 130--132
 [] [] [] [] [] [] [] [] [] [] 
 []


Underfull \hbox (badness 10000) in paragraph at lines 134--134
[]|\OT1/cmr/m/n/12 Tiempo de
 []


Underfull \hbox (badness 10000) in paragraph at lines 134--134
[]|\OT1/cmr/m/n/12 Cargar m^^Sodu-lo de
 []


Underfull \hbox (badness 4242) in paragraph at lines 134--134
[]|\OT1/cmr/m/n/12 Tiempo pro-
 []


Underfull \hbox (badness 6078) in paragraph at lines 134--135
\OT1/cmr/m/n/12 <3000 ms, 0$ $%
 []


Overfull \hbox (15.68666pt too wide) in paragraph at lines 136--136
[]|\OT1/cmr/m/n/12 Comportamiento
 []


Underfull \hbox (badness 1308) in paragraph at lines 136--136
\OT1/cmr/m/n/12 usua-rios crean-do co-
 []


Underfull \hbox (badness 10000) in paragraph at lines 138--138
[]|\OT1/cmr/m/n/12 Tiempo de
 []


Underfull \hbox (badness 6032) in paragraph at lines 138--138
\OT1/cmr/m/n/12 res-pues-ta de
 []


Underfull \hbox (badness 10000) in paragraph at lines 138--138
[]|\OT1/cmr/m/n/12 Puntuaci^^Son
 []


Underfull \hbox (badness 10000) in paragraph at lines 138--138
\OT1/cmr/m/n/12 de Per-
 []


Underfull \hbox (badness 10000) in paragraph at lines 138--138
\OT1/cmr/m/n/12 for-man-ce
 []


Underfull \hbox (badness 10000) in paragraph at lines 138--139
[]|\OT1/cmr/m/n/12 49/100 (FCP:
 []


Underfull \hbox (badness 10000) in paragraph at lines 138--139
\OT1/cmr/m/n/12 TBT: 200ms,
 []


Underfull \hbox (badness 10000) in paragraph at lines 138--139
\OT1/cmr/m/n/12 Speed In-dex:
 []


Underfull \hbox (badness 6284) in paragraph at lines 140--140
\OT1/cmr/m/n/12 ce-so a pro-
 []


Underfull \hbox (badness 10000) in paragraph at lines 140--140
[]|\OT1/cmr/m/n/12 Intentar ac-ce-der al
 []


Underfull \hbox (badness 3746) in paragraph at lines 140--140
\OT1/cmr/m/n/12 con un usua-rio sin
 []


Underfull \hbox (badness 10000) in paragraph at lines 140--140
[]|\OT1/cmr/m/n/12 Manual
 []


Underfull \hbox (badness 10000) in paragraph at lines 140--140
[]|\OT1/cmr/m/n/12 ?`El sis-te-
 []


Underfull \hbox (badness 10000) in paragraph at lines 140--140
\OT1/cmr/m/n/12 ma blo-quea
 []


Underfull \hbox (badness 10000) in paragraph at lines 140--140
\OT1/cmr/m/n/12 el ac-ce-so?
 []


Underfull \hbox (badness 1484) in paragraph at lines 140--140
[]|\OT1/cmr/m/n/12 Acceso de-ne-
 []


Underfull \hbox (badness 3049) in paragraph at lines 140--141
\OT1/cmr/m/n/12 mi-ti^^So edi-tar el
 []


Underfull \hbox (badness 10000) in paragraph at lines 142--142
[]|\OT1/cmr/m/n/12 Control de
 []


Underfull \hbox (badness 10000) in paragraph at lines 142--142
\OT1/cmr/m/n/12 per-mi-sos de
 []


Underfull \hbox (badness 10000) in paragraph at lines 142--142
[]|\OT1/cmr/m/n/12 Manual
 []


Underfull \hbox (badness 10000) in paragraph at lines 142--142
[]|\OT1/cmr/m/n/12 ?`El sis-te-
 []


Underfull \hbox (badness 10000) in paragraph at lines 142--142
\OT1/cmr/m/n/12 ma blo-quea
 []


Underfull \hbox (badness 10000) in paragraph at lines 142--142
\OT1/cmr/m/n/12 la edi-ci^^Son?
 []


Underfull \hbox (badness 1546) in paragraph at lines 142--142
[]|\OT1/cmr/m/n/12 Acci^^Son de-ne-
 []


Underfull \hbox (badness 1077) in paragraph at lines 142--143
\OT1/cmr/m/n/12 y guar-da-do del
 []


Overfull \hbox (346.61569pt too wide) in alignment at lines 132--144
 [] [] [] [] [] [] [] [] [] [] 
 []

[3] [4]
Overfull \hbox (98.00316pt too wide) in paragraph at lines 181--182
[]\OT1/cmr/bx/n/12 Evidencia: \OT1/cmr/m/n/12 Los re-sul-ta-dos de-ta-lla-dos se en-cuen-tran en los ar-chi-vos ane-xos \OT1/cmtt/m/n/12 resultados[]10[]ventas.jtl\OT1/cmr/m/n/12 ,
 []


Overfull \hbox (79.47815pt too wide) in paragraph at lines 201--202
[]\OT1/cmr/bx/n/12 Evidencia: \OT1/cmr/m/n/12 Los re-sul-ta-dos de-ta-lla-dos se en-cuen-tran en los ar-chi-vos ane-xos \OT1/cmtt/m/n/12 resultados[]api[]10.jtl\OT1/cmr/m/n/12 ,
 []


Overfull \hbox (79.29204pt too wide) in paragraph at lines 224--225
[]\OT1/cmr/bx/n/12 Evidencia: \OT1/cmr/m/n/12 El re-por-te com-ple-to de Lighthou-se se en-cuen-tra en el ane-xo \OT1/cmtt/m/n/12 reporte[]lighthouse.html\OT1/cmr/m/n/12 . 
 []


Overfull \hbox (74.52477pt too wide) in paragraph at lines 233--242
 [][] 
 []

[5]
Overfull \hbox (34.06888pt too wide) in paragraph at lines 244--245
[]\OT1/cmr/bx/n/12 Evidencia: \OT1/cmr/m/n/12 La cap-tu-ra de pan-ta-lla se en-cuen-tra en el ane-xo \OT1/cmtt/m/n/12 NF-04-acceso-denegado.png\OT1/cmr/m/n/12 . 
 []


Overfull \hbox (11.07542pt too wide) in paragraph at lines 253--262
 [][] 
 []


Overfull \hbox (46.41888pt too wide) in paragraph at lines 264--265
[]\OT1/cmr/bx/n/12 Evidencia: \OT1/cmr/m/n/12 La cap-tu-ra de pan-ta-lla se en-cuen-tra en el ane-xo \OT1/cmtt/m/n/12 NF-05-campos-bloqueados.png\OT1/cmr/m/n/12 . 
 []

[6] [7]
Underfull \hbox (badness 10000) in paragraph at lines 329--329
[]|\OT1/cmr/m/n/12 M^^Sodu-lo de
 []


Underfull \hbox (badness 10000) in paragraph at lines 329--329
[]|\OT1/cmr/m/n/12 Al eje-cu-tar
 []


Underfull \hbox (badness 10000) in paragraph at lines 329--329
\OT1/cmr/m/n/12 Lighthou-se en
 []


Underfull \hbox (badness 10000) in paragraph at lines 329--329
[]|\OT1/cmr/m/n/12 Performance
 []


Underfull \hbox (badness 10000) in paragraph at lines 329--329
\OT1/cmr/m/n/12 Sco-re >90,
 []


Underfull \hbox (badness 10000) in paragraph at lines 329--329
\OT1/cmr/m/n/12 tiem-pos de
 []


Underfull \hbox (badness 10000) in paragraph at lines 329--330
[]|\OT1/cmr/m/n/12 Eficiencia
 []


Underfull \hbox (badness 10000) in paragraph at lines 329--330
\OT1/cmr/m/n/12 (Ren-di-
 []


Underfull \hbox (badness 10000) in paragraph at lines 331--331
[]|\OT1/cmr/m/n/12 M^^Sodu-lo de
 []


Underfull \hbox (badness 7116) in paragraph at lines 331--331
\OT1/cmr/m/n/12 ac-ce-so a la
 []


Underfull \hbox (badness 10000) in paragraph at lines 333--333
[]|\OT1/cmr/m/n/12 M^^Sodu-lo de
 []


Underfull \hbox (badness 1286) in paragraph at lines 333--333
[]|\OT1/cmr/m/n/12 Al in-ten-tar edi-tar
 []


Underfull \hbox (badness 10000) in paragraph at lines 333--333
[]|\OT1/cmr/m/n/12 El sis-te-ma
 []


Underfull \hbox (badness 3039) in paragraph at lines 333--333
\OT1/cmr/m/n/12 cam-pos pa-ra
 []


Underfull \hbox (badness 10000) in paragraph at lines 333--333
\OT1/cmr/m/n/12 usua-rios sin
 []


Overfull \hbox (72.23915pt too wide) in paragraph at lines 325--336
 [][] 
 []

[8] [9]
Overfull \hbox (75.12178pt too wide) in paragraph at lines 379--381
[][]$\OT1/cmtt/m/n/12 https : / / docs . google . com / spreadsheets / d / 1THcPloRmVX _ CbkE1HrzkfvkAeIVdkhuUGCu59apmvMU /
 []

[10] (informe.aux
LaTeX Info: Redefining \. on input line 11.
LaTeX Info: Redefining \% on input line 11.
)
 ***********
LaTeX2e <2025-11-01>
L3 programming layer <2025-12-24>
 ***********
Package rerunfilecheck Info: File `informe.out' has not changed.
(rerunfilecheck)             Checksum: 11EB6E487069058CB53495BC45828555;6535.
 ) 
Here is how much of TeX's memory you used:
 12218 strings out of 467871
 201063 string characters out of 5413016
 642350 words of memory out of 5000000
 40919 multiletter control sequences out of 15000+600000
 632750 words of font info for 57 fonts, out of 8000000 for 9000
 1141 hyphenation exceptions out of 8191
 75i,11n,79p,487b,572s stack positions out of 10000i,1000n,20000p,200000b,200000s
<C:/Users/ESTIVEN MARTINEZ/AppData/Local/Programs/MiKTeX/fonts/type1/public/amsfonts/cm/cmbx12.pfb><C:/Users/ESTIVEN MARTINEZ/AppData/Local/Programs/MiKTeX/fonts/type1/public/amsfonts/cm/cmr12.pfb><C:/Users/ESTIVEN MARTINEZ/AppData/Local/Programs/MiKTeX/fonts/type1/public/amsfonts/cm/cmr17.pfb><C:/Users/ESTIVEN MARTINEZ/AppData/Local/Programs/MiKTeX/fonts/type1/public/amsfonts/cm/cmtt12.pfb>
Output written on informe.pdf (11 pages, 115471 bytes).
PDF statistics:
 240 PDF objects out of 1000 (max. 8388607)
 51 named destinations out of 1000 (max. 500000)
 225 words of extra memory for PDF output out of 10000 (max. 10000000)

